<?xml version="1.0" encoding="UTF-8"?>
<testng-results ignored="0" total="10" passed="10" failed="0" skipped="0">
  <reporter-output>
  </reporter-output>
  <suite started-at="2026-06-20T16:41:35 IST" name="OrangeHRM Test Suite" finished-at="2026-06-20T16:43:00 IST" duration-ms="84903">
    <groups>
    </groups>
    <test started-at="2026-06-20T16:41:35 IST" name="Login Module" finished-at="2026-06-20T16:42:09 IST" duration-ms="33846">
      <class name="login.LoginTest">
        <test-method is-config="true" signature="setup()[pri:0, instance:login.LoginTest@2b71e916]" started-at="2026-06-20T16:41:37 IST" name="setup" finished-at="2026-06-20T16:41:42 IST" duration-ms="5199" status="PASS">
          <reporter-output>
          </reporter-output>
        </test-method> <!-- setup -->
        <test-method signature="verifyLogin(java.lang.String,java.lang.String)[pri:0, instance:login.LoginTest@2b71e916]" started-at="2026-06-20T16:41:42 IST" name="verifyLogin" data-provider="loginData" finished-at="2026-06-20T16:41:44 IST" duration-ms="2692" status="PASS">
          <params>
            <param index="0">
              <value>
                <![CDATA[Admin]]>
              </value>
            </param>
            <param index="1">
              <value>
                <![CDATA[admin123]]>
              </value>
            </param>
          </params>
          <reporter-output>
          </reporter-output>
        </test-method> <!-- verifyLogin -->
        <test-method is-config="true" signature="tearDown(org.testng.ITestResult)[pri:0, instance:login.LoginTest@2b71e916]" started-at="2026-06-20T16:41:44 IST" name="tearDown" finished-at="2026-06-20T16:41:45 IST" duration-ms="757" status="PASS">
          <params>
            <param index="0">
              <value>
                <![CDATA[[TestResult name=verifyLogin status=SUCCESS method=LoginTest.verifyLogin(java.lang.String,java.lang.String)[pri:0, instance:login.LoginTest@2b71e916] output={null}]]]>
              </value>
            </param>
          </params>
          <reporter-output>
          </reporter-output>
        </test-method> <!-- tearDown -->
        <test-method is-config="true" signature="setup()[pri:0, instance:login.LoginTest@2b71e916]" started-at="2026-06-20T16:41:45 IST" name="setup" finished-at="2026-06-20T16:41:50 IST" duration-ms="5156" status="PASS">
          <reporter-output>
          </reporter-output>
        </test-method> <!-- setup -->
        <test-method signature="verifyLogin(java.lang.String,java.lang.String)[pri:0, instance:login.LoginTest@2b71e916]" started-at="2026-06-20T16:41:50 IST" name="verifyLogin" data-provider="loginData" finished-at="2026-06-20T16:41:51 IST" duration-ms="1050" status="PASS">
          <params>
            <param index="0">
              <value>
                <![CDATA[Admin]]>
              </value>
            </param>
            <param index="1">
              <value>
                <![CDATA[wrongpass]]>
              </value>
            </param>
          </params>
          <reporter-output>
          </reporter-output>
        </test-method> <!-- verifyLogin -->
        <test-method is-config="true" signature="tearDown(org.testng.ITestResult)[pri:0, instance:login.LoginTest@2b71e916]" started-at="2026-06-20T16:41:51 IST" name="tearDown" finished-at="2026-06-20T16:41:53 IST" duration-ms="1373" status="PASS">
          <params>
            <param index="0">
              <value>
                <![CDATA[[TestResult name=verifyLogin status=SUCCESS method=LoginTest.verifyLogin(java.lang.String,java.lang.String)[pri:0, instance:login.LoginTest@2b71e916] output={null}]]]>
              </value>
            </param>
          </params>
          <reporter-output>
          </reporter-output>
        </test-method> <!-- tearDown -->
        <test-method is-config="true" signature="setup()[pri:0, instance:login.LoginTest@2b71e916]" started-at="2026-06-20T16:41:53 IST" name="setup" finished-at="2026-06-20T16:41:59 IST" duration-ms="5739" status="PASS">
          <reporter-output>
          </reporter-output>
        </test-method> <!-- setup -->
        <test-method signature="verifyLogin(java.lang.String,java.lang.String)[pri:0, instance:login.LoginTest@2b71e916]" started-at="2026-06-20T16:41:59 IST" name="verifyLogin" data-provider="loginData" finished-at="2026-06-20T16:42:00 IST" duration-ms="990" status="PASS">
          <params>
            <param index="0">
              <value>
                <![CDATA[wronguser]]>
              </value>
            </param>
            <param index="1">
              <value>
                <![CDATA[admin123]]>
              </value>
            </param>
          </params>
          <reporter-output>
          </reporter-output>
        </test-method> <!-- verifyLogin -->
        <test-method is-config="true" signature="tearDown(org.testng.ITestResult)[pri:0, instance:login.LoginTest@2b71e916]" started-at="2026-06-20T16:42:00 IST" name="tearDown" finished-at="2026-06-20T16:42:01 IST" duration-ms="1229" status="PASS">
          <params>
            <param index="0">
              <value>
                <![CDATA[[TestResult name=verifyLogin status=SUCCESS method=LoginTest.verifyLogin(java.lang.String,java.lang.String)[pri:0, instance:login.LoginTest@2b71e916] output={null}]]]>
              </value>
            </param>
          </params>
          <reporter-output>
          </reporter-output>
        </test-method> <!-- tearDown -->
        <test-method is-config="true" signature="setup()[pri:0, instance:login.LoginTest@2b71e916]" started-at="2026-06-20T16:42:01 IST" name="setup" finished-at="2026-06-20T16:42:03 IST" duration-ms="1823" status="PASS">
          <reporter-output>
          </reporter-output>
        </test-method> <!-- setup -->
        <test-method signature="verifyLogin(java.lang.String,java.lang.String)[pri:0, instance:login.LoginTest@2b71e916]" started-at="2026-06-20T16:42:03 IST" name="verifyLogin" data-provider="loginData" finished-at="2026-06-20T16:42:08 IST" duration-ms="5405" status="PASS">
          <params>
            <param index="0">
              <value>
                <![CDATA[wronguser]]>
              </value>
            </param>
            <param index="1">
              <value>
                <![CDATA[wrongpass]]>
              </value>
            </param>
          </params>
          <reporter-output>
          </reporter-output>
        </test-method> <!-- verifyLogin -->
        <test-method is-config="true" signature="tearDown(org.testng.ITestResult)[pri:0, instance:login.LoginTest@2b71e916]" started-at="2026-06-20T16:42:08 IST" name="tearDown" finished-at="2026-06-20T16:42:09 IST" duration-ms="1137" status="PASS">
          <params>
            <param index="0">
              <value>
                <![CDATA[[TestResult name=verifyLogin status=SUCCESS method=LoginTest.verifyLogin(java.lang.String,java.lang.String)[pri:0, instance:login.LoginTest@2b71e916] output={null}]]]>
              </value>
            </param>
          </params>
          <reporter-output>
          </reporter-output>
        </test-method> <!-- tearDown -->
      </class> <!-- login.LoginTest -->
    </test> <!-- Login Module -->
    <test started-at="2026-06-20T16:42:09 IST" name="Forgot Password Module" finished-at="2026-06-20T16:42:16 IST" duration-ms="7064">
      <class name="forgotpassword.ForgotPasswordTest">
        <test-method is-config="true" signature="setup()[pri:0, instance:forgotpassword.ForgotPasswordTest@55b0dcab]" started-at="2026-06-20T16:42:09 IST" name="setup" finished-at="2026-06-20T16:42:15 IST" duration-ms="5902" status="PASS">
          <reporter-output>
          </reporter-output>
        </test-method> <!-- setup -->
        <test-method signature="verifyForgotPasswordFunctionality()[pri:0, instance:forgotpassword.ForgotPasswordTest@55b0dcab]" started-at="2026-06-20T16:42:15 IST" name="verifyForgotPasswordFunctionality" finished-at="2026-06-20T16:42:16 IST" duration-ms="665" status="PASS">
          <reporter-output>
          </reporter-output>
        </test-method> <!-- verifyForgotPasswordFunctionality -->
        <test-method is-config="true" signature="tearDown(org.testng.ITestResult)[pri:0, instance:forgotpassword.ForgotPasswordTest@55b0dcab]" started-at="2026-06-20T16:42:16 IST" name="tearDown" finished-at="2026-06-20T16:42:16 IST" duration-ms="489" status="PASS">
          <params>
            <param index="0">
              <value>
                <![CDATA[[TestResult name=verifyForgotPasswordFunctionality status=SUCCESS method=ForgotPasswordTest.verifyForgotPasswordFunctionality()[pri:0, instance:forgotpassword.ForgotPasswordTest@55b0dcab] output={null}]]]>
              </value>
            </param>
          </params>
          <reporter-output>
          </reporter-output>
        </test-method> <!-- tearDown -->
      </class> <!-- forgotpassword.ForgotPasswordTest -->
    </test> <!-- Forgot Password Module -->
    <test started-at="2026-06-20T16:42:16 IST" name="Navigation Module" finished-at="2026-06-20T16:42:35 IST" duration-ms="18962">
      <class name="navigation.NavigationTest">
        <test-method is-config="true" signature="setup()[pri:0, instance:navigation.NavigationTest@37ceb1df]" started-at="2026-06-20T16:42:16 IST" name="setup" finished-at="2026-06-20T16:42:20 IST" duration-ms="3918" status="PASS">
          <reporter-output>
          </reporter-output>
        </test-method> <!-- setup -->
        <test-method signature="verifyLeaveMenuNavigation()[pri:0, instance:navigation.NavigationTest@37ceb1df]" started-at="2026-06-20T16:42:20 IST" name="verifyLeaveMenuNavigation" finished-at="2026-06-20T16:42:24 IST" duration-ms="4215" status="PASS">
          <reporter-output>
          </reporter-output>
        </test-method> <!-- verifyLeaveMenuNavigation -->
        <test-method is-config="true" signature="tearDown(org.testng.ITestResult)[pri:0, instance:navigation.NavigationTest@37ceb1df]" started-at="2026-06-20T16:42:24 IST" name="tearDown" finished-at="2026-06-20T16:42:25 IST" duration-ms="566" status="PASS">
          <params>
            <param index="0">
              <value>
                <![CDATA[[TestResult name=verifyLeaveMenuNavigation status=SUCCESS method=NavigationTest.verifyLeaveMenuNavigation()[pri:0, instance:navigation.NavigationTest@37ceb1df] output={null}]]]>
              </value>
            </param>
          </params>
          <reporter-output>
          </reporter-output>
        </test-method> <!-- tearDown -->
        <test-method is-config="true" signature="setup()[pri:0, instance:navigation.NavigationTest@37ceb1df]" started-at="2026-06-20T16:42:25 IST" name="setup" finished-at="2026-06-20T16:42:29 IST" duration-ms="4417" status="PASS">
          <reporter-output>
          </reporter-output>
        </test-method> <!-- setup -->
        <test-method signature="verifyPIMMenuNavigation()[pri:0, instance:navigation.NavigationTest@37ceb1df]" started-at="2026-06-20T16:42:29 IST" name="verifyPIMMenuNavigation" finished-at="2026-06-20T16:42:35 IST" duration-ms="5410" status="PASS">
          <reporter-output>
          </reporter-output>
        </test-method> <!-- verifyPIMMenuNavigation -->
        <test-method is-config="true" signature="tearDown(org.testng.ITestResult)[pri:0, instance:navigation.NavigationTest@37ceb1df]" started-at="2026-06-20T16:42:35 IST" name="tearDown" finished-at="2026-06-20T16:42:35 IST" duration-ms="428" status="PASS">
          <params>
            <param index="0">
              <value>
                <![CDATA[[TestResult name=verifyPIMMenuNavigation status=SUCCESS method=NavigationTest.verifyPIMMenuNavigation()[pri:0, instance:navigation.NavigationTest@37ceb1df] output={null}]]]>
              </value>
            </param>
          </params>
          <reporter-output>
          </reporter-output>
        </test-method> <!-- tearDown -->
      </class> <!-- navigation.NavigationTest -->
    </test> <!-- Navigation Module -->
    <test started-at="2026-06-20T16:42:35 IST" name="Leave Module" finished-at="2026-06-20T16:42:47 IST" duration-ms="11532">
      <class name="leave.ApplyLeaveTest">
        <test-method is-config="true" signature="setup()[pri:0, instance:leave.ApplyLeaveTest@6913c1fb]" started-at="2026-06-20T16:42:35 IST" name="setup" finished-at="2026-06-20T16:42:40 IST" duration-ms="4812" status="PASS">
          <reporter-output>
          </reporter-output>
        </test-method> <!-- setup -->
        <test-method signature="verifyApplyLeave()[pri:0, instance:leave.ApplyLeaveTest@6913c1fb]" started-at="2026-06-20T16:42:40 IST" name="verifyApplyLeave" finished-at="2026-06-20T16:42:46 IST" duration-ms="6312" status="PASS">
          <reporter-output>
          </reporter-output>
        </test-method> <!-- verifyApplyLeave -->
        <test-method is-config="true" signature="tearDown(org.testng.ITestResult)[pri:0, instance:leave.ApplyLeaveTest@6913c1fb]" started-at="2026-06-20T16:42:46 IST" name="tearDown" finished-at="2026-06-20T16:42:47 IST" duration-ms="405" status="PASS">
          <params>
            <param index="0">
              <value>
                <![CDATA[[TestResult name=verifyApplyLeave status=SUCCESS method=ApplyLeaveTest.verifyApplyLeave()[pri:0, instance:leave.ApplyLeaveTest@6913c1fb] output={null}]]]>
              </value>
            </param>
          </params>
          <reporter-output>
          </reporter-output>
        </test-method> <!-- tearDown -->
      </class> <!-- leave.ApplyLeaveTest -->
    </test> <!-- Leave Module -->
    <test started-at="2026-06-20T16:42:47 IST" name="UI Validation Module" finished-at="2026-06-20T16:43:00 IST" duration-ms="13418">
      <class name="ui.UIValidationTest">
        <test-method is-config="true" signature="setup()[pri:0, instance:ui.UIValidationTest@158a8276]" started-at="2026-06-20T16:42:47 IST" name="setup" finished-at="2026-06-20T16:42:52 IST" duration-ms="4769" status="PASS">
          <reporter-output>
          </reporter-output>
        </test-method> <!-- setup -->
        <test-method signature="verifyDashboardUIElements()[pri:0, instance:ui.UIValidationTest@158a8276]" started-at="2026-06-20T16:42:52 IST" name="verifyDashboardUIElements" finished-at="2026-06-20T16:42:54 IST" duration-ms="2523" status="PASS">
          <reporter-output>
          </reporter-output>
        </test-method> <!-- verifyDashboardUIElements -->
        <test-method is-config="true" signature="tearDown(org.testng.ITestResult)[pri:0, instance:ui.UIValidationTest@158a8276]" started-at="2026-06-20T16:42:54 IST" name="tearDown" finished-at="2026-06-20T16:42:55 IST" duration-ms="597" status="PASS">
          <params>
            <param index="0">
              <value>
                <![CDATA[[TestResult name=verifyDashboardUIElements status=SUCCESS method=UIValidationTest.verifyDashboardUIElements()[pri:0, instance:ui.UIValidationTest@158a8276] output={null}]]]>
              </value>
            </param>
          </params>
          <reporter-output>
          </reporter-output>
        </test-method> <!-- tearDown -->
        <test-method is-config="true" signature="setup()[pri:0, instance:ui.UIValidationTest@158a8276]" started-at="2026-06-20T16:42:55 IST" name="setup" finished-at="2026-06-20T16:43:00 IST" duration-ms="5127" status="PASS">
          <reporter-output>
          </reporter-output>
        </test-method> <!-- setup -->
        <test-method signature="verifyPageTitle()[pri:0, instance:ui.UIValidationTest@158a8276]" started-at="2026-06-20T16:43:00 IST" name="verifyPageTitle" finished-at="2026-06-20T16:43:00 IST" duration-ms="11" status="PASS">
          <reporter-output>
          </reporter-output>
        </test-method> <!-- verifyPageTitle -->
        <test-method is-config="true" signature="tearDown(org.testng.ITestResult)[pri:0, instance:ui.UIValidationTest@158a8276]" started-at="2026-06-20T16:43:00 IST" name="tearDown" finished-at="2026-06-20T16:43:00 IST" duration-ms="381" status="PASS">
          <params>
            <param index="0">
              <value>
                <![CDATA[[TestResult name=verifyPageTitle status=SUCCESS method=UIValidationTest.verifyPageTitle()[pri:0, instance:ui.UIValidationTest@158a8276] output={null}]]]>
              </value>
            </param>
          </params>
          <reporter-output>
          </reporter-output>
        </test-method> <!-- tearDown -->
      </class> <!-- ui.UIValidationTest -->
    </test> <!-- UI Validation Module -->
  </suite> <!-- OrangeHRM Test Suite -->
</testng-results>
